<?xml version="1.0" encoding="UTF-8"?>
<!-- Generated by org.testng.reporters.JUnitReportReporter -->
<testsuite skipped="0" hostname="EC2AMAZ-0RUQJJM" name="exercise21.TestClass02" tests="2" failures="0" timestamp="2021-03-05T08:51:21 UTC" time="0.015" errors="0">
  <testcase name="tMethod3" time="0.000" classname="exercise21.TestClass02"/>
  <system-out/>
  <testcase name="tMethod4" time="0.015" classname="exercise21.TestClass02"/>
  <system-out/>
</testsuite> <!-- exercise21.TestClass02 -->
