<?xml version="1.0" encoding="UTF-8"?>
<testng-results skipped="0" failed="0" ignored="1" total="5" passed="4">
  <reporter-output>
  </reporter-output>
  <suite name="TestSuite01" duration-ms="204" started-at="2021-03-05T08:51:21 UTC" finished-at="2021-03-05T08:51:21 UTC">
    <groups>
    </groups>
    <test name="TC001" duration-ms="95" started-at="2021-03-05T08:51:21 UTC" finished-at="2021-03-05T08:51:21 UTC">
      <class name="exercise21.TestClass01">
        <test-method status="PASS" signature="beforeMethod()[pri:0, instance:exercise21.TestClass01@887af79]" name="beforeMethod" is-config="true" duration-ms="15" started-at="2021-03-05T08:51:21 UTC" finished-at="2021-03-05T08:51:21 UTC">
          <reporter-output>
          </reporter-output>
        </test-method> <!-- beforeMethod -->
        <test-method status="PASS" signature="tMethod2()[pri:1, instance:exercise21.TestClass01@887af79]" name="tMethod2" duration-ms="22" started-at="2021-03-05T08:51:21 UTC" finished-at="2021-03-05T08:51:21 UTC">
          <reporter-output>
          </reporter-output>
        </test-method> <!-- tMethod2 -->
        <test-method status="PASS" signature="afterMethod()[pri:0, instance:exercise21.TestClass01@887af79]" name="afterMethod" is-config="true" duration-ms="0" started-at="2021-03-05T08:51:21 UTC" finished-at="2021-03-05T08:51:21 UTC">
          <reporter-output>
          </reporter-output>
        </test-method> <!-- afterMethod -->
        <test-method status="PASS" signature="tMethod1()[pri:2, instance:exercise21.TestClass01@887af79]" name="tMethod1" duration-ms="0" started-at="2021-03-05T08:51:21 UTC" finished-at="2021-03-05T08:51:21 UTC">
          <reporter-output>
          </reporter-output>
        </test-method> <!-- tMethod1 -->
        <test-method status="PASS" signature="afterMethod()[pri:0, instance:exercise21.TestClass01@887af79]" name="afterMethod" is-config="true" duration-ms="0" started-at="2021-03-05T08:51:21 UTC" finished-at="2021-03-05T08:51:21 UTC">
          <reporter-output>
          </reporter-output>
        </test-method> <!-- afterMethod -->
        <test-method status="PASS" signature="beforeMethod()[pri:0, instance:exercise21.TestClass01@887af79]" name="beforeMethod" is-config="true" duration-ms="0" started-at="2021-03-05T08:51:21 UTC" finished-at="2021-03-05T08:51:21 UTC">
          <reporter-output>
          </reporter-output>
        </test-method> <!-- beforeMethod -->
      </class> <!-- exercise21.TestClass01 -->
    </test> <!-- TC001 -->
    <test name="TC002" duration-ms="31" started-at="2021-03-05T08:51:21 UTC" finished-at="2021-03-05T08:51:21 UTC">
      <class name="exercise21.TestClass02">
        <test-method status="PASS" signature="beforeMethod()[pri:0, instance:exercise21.TestClass02@9660f4e]" name="beforeMethod" is-config="true" duration-ms="0" started-at="2021-03-05T08:51:21 UTC" finished-at="2021-03-05T08:51:21 UTC">
          <reporter-output>
          </reporter-output>
        </test-method> <!-- beforeMethod -->
        <test-method status="PASS" signature="tMethod3()[pri:1, instance:exercise21.TestClass02@9660f4e]" name="tMethod3" duration-ms="0" started-at="2021-03-05T08:51:21 UTC" finished-at="2021-03-05T08:51:21 UTC">
          <reporter-output>
          </reporter-output>
        </test-method> <!-- tMethod3 -->
        <test-method status="PASS" signature="beforeMethod()[pri:0, instance:exercise21.TestClass02@9660f4e]" name="beforeMethod" is-config="true" duration-ms="0" started-at="2021-03-05T08:51:21 UTC" finished-at="2021-03-05T08:51:21 UTC">
          <reporter-output>
          </reporter-output>
        </test-method> <!-- beforeMethod -->
        <test-method status="PASS" signature="afterMethod()[pri:0, instance:exercise21.TestClass02@9660f4e]" name="afterMethod" is-config="true" duration-ms="0" started-at="2021-03-05T08:51:21 UTC" finished-at="2021-03-05T08:51:21 UTC">
          <reporter-output>
          </reporter-output>
        </test-method> <!-- afterMethod -->
        <test-method status="PASS" signature="tMethod4()[pri:2, instance:exercise21.TestClass02@9660f4e]" name="tMethod4" duration-ms="15" started-at="2021-03-05T08:51:21 UTC" finished-at="2021-03-05T08:51:21 UTC">
          <reporter-output>
          </reporter-output>
        </test-method> <!-- tMethod4 -->
        <test-method status="PASS" signature="afterMethod()[pri:0, instance:exercise21.TestClass02@9660f4e]" name="afterMethod" is-config="true" duration-ms="0" started-at="2021-03-05T08:51:21 UTC" finished-at="2021-03-05T08:51:21 UTC">
          <reporter-output>
          </reporter-output>
        </test-method> <!-- afterMethod -->
      </class> <!-- exercise21.TestClass02 -->
    </test> <!-- TC002 -->
  </suite> <!-- TestSuite01 -->
</testng-results>
