<?xml version="1.0" encoding="UTF-8"?>
<!-- Generated by org.testng.reporters.JUnitXMLReporter -->
<testsuite hostname="EC2AMAZ-0RUQJJM" ignored="1" name="TC001" tests="2" failures="0" timestamp="2021-03-05T08:51:21 UTC" time="0.095" errors="0">
  <testcase name="tMethod2" time="0.022" classname="exercise21.TestClass01"/>
  <testcase name="tMethod1" time="0.0" classname="exercise21.TestClass01"/>
  <testcase name="tMethod5" time="0.0" classname="exercise21.TestClass01">
    <ignored/>
  </testcase> <!-- tMethod5 -->
</testsuite> <!-- TC001 -->
